Using pre-set license
Built from '2020.3/staging' branch; Version is '2020.3.17f1 (a4537701e4ab) revision 10769271'; Using compiler version '192528614'; Build Type 'Release'
OS: 'Windows 10 Home Single Language; OS build 19044.1889; Version 2009; 64bit' Language: 'en' Physical Memory: 15791 MB
BatchMode: 1, IsHumanControllingUs: 0, StartBugReporterOnCrash: 0, Is64bit: 1, IsPro: 0

COMMAND LINE ARGUMENTS:
C:\Program Files\Unity\Hub\Editor\2020.3.17f1\Editor\Unity.exe
-adb2
-batchMode
-noUpm
-name
AssetImportWorker0
-projectPath
D:/college/unity games/caveSaftySimmulator
-logFile
Logs/AssetImportWorker0.log
-srvPort
58513
Successfully changed project path to: D:/college/unity games/caveSaftySimmulator
D:/college/unity games/caveSaftySimmulator
Using Asset Import Pipeline V2.
Refreshing native plugins compatible for Editor in 51.51 ms, found 2 plugins.
Preloading 0 native plugins for Editor in 0.00 ms.
Initialize engine version: 2020.3.17f1 (a4537701e4ab)
[Subsystems] Discovering subsystems at path C:/Program Files/Unity/Hub/Editor/2020.3.17f1/Editor/Data/Resources/UnitySubsystems
[Subsystems] Discovering subsystems at path D:/college/unity games/caveSaftySimmulator/Assets
GfxDevice: creating device client; threaded=0
Direct3D:
    Version:  Direct3D 11.0 [level 11.1]
    Renderer: NVIDIA GeForce GTX 1650 Ti (ID=0x1f95)
    Vendor:   
    VRAM:     3962 MB
    Driver:   31.0.15.1694
Initialize mono
Mono path[0] = 'C:/Program Files/Unity/Hub/Editor/2020.3.17f1/Editor/Data/Managed'
Mono path[1] = 'C:/Program Files/Unity/Hub/Editor/2020.3.17f1/Editor/Data/MonoBleedingEdge/lib/mono/unityjit'
Mono config path = 'C:/Program Files/Unity/Hub/Editor/2020.3.17f1/Editor/Data/MonoBleedingEdge/etc'
Using monoOptions --debugger-agent=transport=dt_socket,embedding=1,server=y,suspend=n,address=127.0.0.1:56252
Begin MonoManager ReloadAssembly
Registering precompiled unity dll's ...
Register platform support module: C:/Program Files/Unity/Hub/Editor/2020.3.17f1/Editor/Data/PlaybackEngines/WebGLSupport/UnityEditor.WebGL.Extensions.dll
Register platform support module: C:/Program Files/Unity/Hub/Editor/2020.3.17f1/Editor/Data/PlaybackEngines/WindowsStandaloneSupport/UnityEditor.WindowsStandalone.Extensions.dll
Registered in 0.002373 seconds.
Native extension for WindowsStandalone target not found
Native extension for WebGL target not found
Refreshing native plugins compatible for Editor in 57.55 ms, found 2 plugins.
Preloading 0 native plugins for Editor in 0.00 ms.
Mono: successfully reloaded assembly
- Completed reload, in  2.131 seconds
Domain Reload Profiling:
	ReloadAssembly (2131ms)
		BeginReloadAssembly (48ms)
			ExecutionOrderSort (0ms)
			DisableScriptedObjects (0ms)
			BackupInstance (0ms)
			ReleaseScriptingObjects (0ms)
			CreateAndSetChildDomain (1ms)
		EndReloadAssembly (398ms)
			LoadAssemblies (46ms)
			RebuildTransferFunctionScriptingTraits (0ms)
			SetupTypeCache (131ms)
			ReleaseScriptCaches (0ms)
			RebuildScriptCaches (28ms)
			SetupLoadedEditorAssemblies (172ms)
				LogAssemblyErrors (0ms)
				InitializePlatformSupportModulesInManaged (5ms)
				SetLoadedEditorAssemblies (0ms)
				RefreshPlugins (58ms)
				BeforeProcessingInitializeOnLoad (16ms)
				ProcessInitializeOnLoadAttributes (68ms)
				ProcessInitializeOnLoadMethodAttributes (25ms)
				AfterProcessingInitializeOnLoad (0ms)
				EditorAssembliesLoaded (0ms)
			ExecutionOrderSort2 (0ms)
			AwakeInstancesAfterBackupRestoration (0ms)
Platform modules already initialized, skipping
Registering precompiled user dll's ...
Registered in 0.003175 seconds.
Begin MonoManager ReloadAssembly
Native extension for WindowsStandalone target not found
Native extension for WebGL target not found
Refreshing native plugins compatible for Editor in 56.21 ms, found 2 plugins.
Preloading 0 native plugins for Editor in 0.00 ms.
Mono: successfully reloaded assembly
- Completed reload, in  1.026 seconds
Domain Reload Profiling:
	ReloadAssembly (1026ms)
		BeginReloadAssembly (133ms)
			ExecutionOrderSort (0ms)
			DisableScriptedObjects (4ms)
			BackupInstance (0ms)
			ReleaseScriptingObjects (0ms)
			CreateAndSetChildDomain (17ms)
		EndReloadAssembly (836ms)
			LoadAssemblies (83ms)
			RebuildTransferFunctionScriptingTraits (0ms)
			SetupTypeCache (272ms)
			ReleaseScriptCaches (1ms)
			RebuildScriptCaches (43ms)
			SetupLoadedEditorAssemblies (330ms)
				LogAssemblyErrors (0ms)
				InitializePlatformSupportModulesInManaged (4ms)
				SetLoadedEditorAssemblies (0ms)
				RefreshPlugins (56ms)
				BeforeProcessingInitializeOnLoad (84ms)
				ProcessInitializeOnLoadAttributes (170ms)
				ProcessInitializeOnLoadMethodAttributes (8ms)
				AfterProcessingInitializeOnLoad (6ms)
				EditorAssembliesLoaded (0ms)
			ExecutionOrderSort2 (0ms)
			AwakeInstancesAfterBackupRestoration (5ms)
Platform modules already initialized, skipping
========================================================================
Worker process is ready to serve import requests
Launched and connected shader compiler UnityShaderCompiler.exe after 0.05 seconds
Refreshing native plugins compatible for Editor in 0.63 ms, found 2 plugins.
Preloading 0 native plugins for Editor in 0.00 ms.
Unloading 3019 Unused Serialized files (Serialized files now loaded: 0)
System memory in use before: 202.1 MB.
System memory in use after: 202.3 MB.

Unloading 16 unused Assets to reduce memory usage. Loaded Objects now: 3473.
Total: 3.474800 ms (FindLiveObjects: 0.429200 ms CreateObjectMapping: 0.159700 ms MarkObjects: 2.850600 ms  DeleteObjects: 0.033400 ms)

AssetImportParameters requested are different than current active one (requested -> active):
  custom:framework-win-MediaFoundation: 216162199b28c13a410421893ffa2e32 -> 
  custom:video-decoder-ogg-theora: a1e56fd34408186e4bbccfd4996cb3dc -> 
  custom:container-muxer-webm: aa71ff27fc2769a1b78a27578f13a17b -> 
  custom:container-demuxer-webm: 4f35f7cbe854078d1ac9338744f61a02 -> 
  custom:container-demuxer-ogg: 62fdf1f143b41e24485cea50d1cbac27 -> 
  custom:video-encoder-webm-vp8: eb34c28f22e8b96e1ab97ce403110664 -> 
  custom:video-decoder-webm-vp8: 9c59270c3fd7afecdb556c50c9e8de78 -> 
  custom:audio-decoder-ogg-vorbis: bf7c407c2cedff20999df2af8eb42d56 -> 
  custom:audio-encoder-webm-vorbis: bf7c407c2cedff20999df2af8eb42d56 -> 
========================================================================
Received Import Request.
  path: Assets/Prefab/hard hat.prefab
  artifactKey: Guid(9847102c59282454290ead13b6ae0231) Importer(815301076,1909f56bfc062723c751e8b465ee728b)
Start importing Assets/Prefab/hard hat.prefab using Guid(9847102c59282454290ead13b6ae0231) Importer(815301076,1909f56bfc062723c751e8b465ee728b)  -> (artifact id: 'bfc270d0dfa2a4c27d349d24d7cb625b') in 0.114795 seconds 
  Import took 0.120762 seconds .

========================================================================
Received Import Request.
  Time since last request: 0.000285 seconds.
  path: Assets/Prefab/dynamite.prefab
  artifactKey: Guid(1652c42800c2865478f5a87471259da9) Importer(815301076,1909f56bfc062723c751e8b465ee728b)
Start importing Assets/Prefab/dynamite.prefab using Guid(1652c42800c2865478f5a87471259da9) Importer(815301076,1909f56bfc062723c751e8b465ee728b)  -> (artifact id: '70a5e42bc8904561713ab39373d44f1e') in 0.219621 seconds 
  Import took 0.225195 seconds .

========================================================================
Received Import Request.
  Time since last request: 0.000212 seconds.
  path: Assets/Prefab/Hazmat02_blender.prefab
  artifactKey: Guid(794cd488377a66a43803ff709740c6ff) Importer(815301076,1909f56bfc062723c751e8b465ee728b)
Start importing Assets/Prefab/Hazmat02_blender.prefab using Guid(794cd488377a66a43803ff709740c6ff) Importer(815301076,1909f56bfc062723c751e8b465ee728b)  -> (artifact id: 'f271e7e69d1c57a59bd5e28000dfedfb') in 0.278594 seconds 
  Import took 0.283627 seconds .

========================================================================
Received Import Request.
  Time since last request: 0.000201 seconds.
  path: Assets/Prefab/Höle3.fbx
  artifactKey: Guid(caaa5bf5f2fa467408b8105e32a71675) Importer(815301076,1909f56bfc062723c751e8b465ee728b)
Start importing Assets/Prefab/Höle3.fbx using Guid(caaa5bf5f2fa467408b8105e32a71675) Importer(815301076,1909f56bfc062723c751e8b465ee728b)  -> (artifact id: '971a3fdd7d33f8df08b00e16ad0907d5') in 1.394100 seconds 
  Import took 1.401635 seconds .

========================================================================
Received Import Request.
  Time since last request: 0.000252 seconds.
  path: Assets/Prefab/First Person Controller.prefab
  artifactKey: Guid(11aaea5348574644a9eb4f4504fcce3f) Importer(815301076,1909f56bfc062723c751e8b465ee728b)
Start importing Assets/Prefab/First Person Controller.prefab using Guid(11aaea5348574644a9eb4f4504fcce3f) Importer(815301076,1909f56bfc062723c751e8b465ee728b)  -> (artifact id: 'f2f20dc73098556078e0323ebe828554') in 0.016827 seconds 
  Import took 0.021492 seconds .

========================================================================
Received Import Request.
  Time since last request: 0.000275 seconds.
  path: Assets/Prefab/fenceBswap.prefab
  artifactKey: Guid(01141c4809e730140b9edfbe01d9ec7d) Importer(815301076,1909f56bfc062723c751e8b465ee728b)
Start importing Assets/Prefab/fenceBswap.prefab using Guid(01141c4809e730140b9edfbe01d9ec7d) Importer(815301076,1909f56bfc062723c751e8b465ee728b)  -> (artifact id: '71f005ffa724eb3ce5ebbe1b93fa7a5b') in 0.021545 seconds 
  Import took 0.026411 seconds .

========================================================================
Received Import Request.
  Time since last request: 0.000286 seconds.
  path: Assets/Prefab/Platform.prefab
  artifactKey: Guid(b022be8a73b43204bb94df0edd4ece66) Importer(815301076,1909f56bfc062723c751e8b465ee728b)
Start importing Assets/Prefab/Platform.prefab using Guid(b022be8a73b43204bb94df0edd4ece66) Importer(815301076,1909f56bfc062723c751e8b465ee728b)  -> (artifact id: '5a0a35f2fd4e17a0ee9cbbf814221718') in 0.015366 seconds 
  Import took 0.020067 seconds .

========================================================================
Received Import Request.
  Time since last request: 0.000255 seconds.
  path: Assets/Prefab/table.prefab
  artifactKey: Guid(b3be68ffbd49422408e33adae078f87c) Importer(815301076,1909f56bfc062723c751e8b465ee728b)
Start importing Assets/Prefab/table.prefab using Guid(b3be68ffbd49422408e33adae078f87c) Importer(815301076,1909f56bfc062723c751e8b465ee728b)  -> (artifact id: '0bc47dece36013eb043f53f732f16529') in 1.182331 seconds 
  Import took 1.187403 seconds .

========================================================================
Received Import Request.
  Time since last request: 0.000267 seconds.
  path: Assets/Prefab/gas-tank.prefab
  artifactKey: Guid(670cd655363d7194cb87ab2d1f4ac172) Importer(815301076,1909f56bfc062723c751e8b465ee728b)
Start importing Assets/Prefab/gas-tank.prefab using Guid(670cd655363d7194cb87ab2d1f4ac172) Importer(815301076,1909f56bfc062723c751e8b465ee728b)  -> (artifact id: '84a7e093502576c593508ae3c837aca4') in 0.044110 seconds 
  Import took 0.048683 seconds .

========================================================================
Received Import Request.
  Time since last request: 0.000209 seconds.
  path: Assets/Prefab/APC_lowpoly.prefab
  artifactKey: Guid(221684c5dd8d52340980e377cd3d22e5) Importer(815301076,1909f56bfc062723c751e8b465ee728b)
Start importing Assets/Prefab/APC_lowpoly.prefab using Guid(221684c5dd8d52340980e377cd3d22e5) Importer(815301076,1909f56bfc062723c751e8b465ee728b)  -> (artifact id: 'a5d231a332795af124ab849bb83503b0') in 0.805696 seconds 
  Import took 0.810313 seconds .

========================================================================
Received Import Request.
  Time since last request: 0.000178 seconds.
  path: Assets/Prefab/RealisticCave2.fbx
  artifactKey: Guid(6998ed698e1ea8d4a83744e46499c38d) Importer(815301076,1909f56bfc062723c751e8b465ee728b)
Start importing Assets/Prefab/RealisticCave2.fbx using Guid(6998ed698e1ea8d4a83744e46499c38d) Importer(815301076,1909f56bfc062723c751e8b465ee728b)  -> (artifact id: 'bb2a2bb5bd308d01c2d08f1ddff4bd17') in 0.238356 seconds 
  Import took 0.242944 seconds .

========================================================================
Received Import Request.
  Time since last request: 0.000259 seconds.
  path: Assets/Prefab/Mafell_FM1000_Moteur_Fraisage_v9_279.prefab
  artifactKey: Guid(ed85d319b98697c43bde987f954974c3) Importer(815301076,1909f56bfc062723c751e8b465ee728b)
Start importing Assets/Prefab/Mafell_FM1000_Moteur_Fraisage_v9_279.prefab using Guid(ed85d319b98697c43bde987f954974c3) Importer(815301076,1909f56bfc062723c751e8b465ee728b)  -> (artifact id: '08dcbc984452d5974b8ca4f3ee7a2ddd') in 0.057923 seconds 
  Import took 0.062957 seconds .

========================================================================
Received Import Request.
  Time since last request: 0.000350 seconds.
  path: Assets/Prefab/gas-mask-low-poly.prefab
  artifactKey: Guid(79b66975e4a933c42a6caadca2dd2aa5) Importer(815301076,1909f56bfc062723c751e8b465ee728b)
Start importing Assets/Prefab/gas-mask-low-poly.prefab using Guid(79b66975e4a933c42a6caadca2dd2aa5) Importer(815301076,1909f56bfc062723c751e8b465ee728b)  -> (artifact id: '0439d81882e17d4b1183e9d418137106') in 0.049949 seconds 
  Import took 0.055135 seconds .

========================================================================
Received Import Request.
  Time since last request: 0.000263 seconds.
  path: Assets/Prefab/buldozor.prefab
  artifactKey: Guid(298548b60fa7c434fbb3adb5bea007ad) Importer(815301076,1909f56bfc062723c751e8b465ee728b)
Start importing Assets/Prefab/buldozor.prefab using Guid(298548b60fa7c434fbb3adb5bea007ad) Importer(815301076,1909f56bfc062723c751e8b465ee728b)  -> (artifact id: 'f0d9f2156252616d5abe36428e7618e1') in 0.022122 seconds 
  Import took 0.027344 seconds .

========================================================================
Received Import Request.
  Time since last request: 0.000248 seconds.
  path: Assets/Prefab/ruin.prefab
  artifactKey: Guid(9956a8aaeb5de5a45be735b35fc3e243) Importer(815301076,1909f56bfc062723c751e8b465ee728b)
Start importing Assets/Prefab/ruin.prefab using Guid(9956a8aaeb5de5a45be735b35fc3e243) Importer(815301076,1909f56bfc062723c751e8b465ee728b)  -> (artifact id: '53beb28293ebdd4aa8fd5bc4e303951e') in 0.033241 seconds 
  Import took 0.038693 seconds .

========================================================================
Received Import Request.
  Time since last request: 0.000202 seconds.
  path: Assets/Prefab/buldozor.prefab
  artifactKey: Guid(298548b60fa7c434fbb3adb5bea007ad) Importer(815301076,1909f56bfc062723c751e8b465ee728b)
Start importing Assets/Prefab/buldozor.prefab using Guid(298548b60fa7c434fbb3adb5bea007ad) Importer(815301076,1909f56bfc062723c751e8b465ee728b)  -> (artifact id: 'f0d9f2156252616d5abe36428e7618e1') in 0.015110 seconds 
  Import took 0.019769 seconds .

========================================================================
Received Import Request.
  Time since last request: 0.000216 seconds.
  path: Assets/Prefab/SKDY Aviator.prefab
  artifactKey: Guid(0a6a28eab7431fe4fab346d27be40038) Importer(815301076,1909f56bfc062723c751e8b465ee728b)
Start importing Assets/Prefab/SKDY Aviator.prefab using Guid(0a6a28eab7431fe4fab346d27be40038) Importer(815301076,1909f56bfc062723c751e8b465ee728b)  -> (artifact id: 'fc483ab995d5fd946c21453a60ec4b71') in 0.032150 seconds 
  Import took 0.037232 seconds .

========================================================================
Received Import Request.
  Time since last request: 0.000230 seconds.
  path: Assets/Prefab/DustStorm.prefab
  artifactKey: Guid(d730c232f0202dc45bf354bf65bde6e4) Importer(815301076,1909f56bfc062723c751e8b465ee728b)
Start importing Assets/Prefab/DustStorm.prefab using Guid(d730c232f0202dc45bf354bf65bde6e4) Importer(815301076,1909f56bfc062723c751e8b465ee728b)  -> (artifact id: 'd51fc00cc9a4c1f349664ffd2b9372a8') in 0.170454 seconds 
  Import took 0.175329 seconds .

AssetImportWorkerClient::OnTransportError - code=2 error=End of file
